Flow report for DE3_dsp_design_top
Thu Mar 03 17:35:52 2011
Quartus II 64-Bit Version 9.1 Build 350 03/24/2010 Service Pack 2 SJ Full Version


---------------------
; Table of Contents ;
---------------------
  1. Legal Notice
  2. Flow Summary
  3. Flow Settings
  4. Flow Non-Default Global Settings
  5. Flow Elapsed Time
  6. Flow OS Summary
  7. Flow Log



----------------
; Legal Notice ;
----------------
Copyright (C) 1991-2010 Altera Corporation
Your use of Altera Corporation's design tools, logic functions 
and other software and tools, and its AMPP partner logic 
functions, and any output files from any of the foregoing 
(including device programming or simulation files), and any 
associated documentation or information are expressly subject 
to the terms and conditions of the Altera Program License 
Subscription Agreement, Altera MegaCore Function License 
Agreement, or other applicable license agreement, including, 
without limitation, that your use is for the sole purpose of 
programming logic devices manufactured by Altera and sold by 
Altera or its authorized distributors.  Please refer to the 
applicable agreement for further details.



+-----------------------------------------------------------------------------------+
; Flow Summary                                                                      ;
+-----------------------------------+-----------------------------------------------+
; Flow Status                       ; Successful - Thu Mar 03 17:35:52 2011         ;
; Quartus II 64-Bit Version         ; 9.1 Build 350 03/24/2010 SP 2 SJ Full Version ;
; Revision Name                     ; DE3_dsp_design_top                            ;
; Top-level Entity Name             ; DE3_dsp_design_top                            ;
; Family                            ; Stratix IV                                    ;
; Device                            ; EP4SGX230KF40C2                               ;
; Timing Models                     ; Final                                         ;
; Met timing requirements           ; N/A                                           ;
; Logic utilization                 ; < 1 %                                         ;
;     Combinational ALUTs           ; 677 / 182,400 ( < 1 % )                       ;
;     Memory ALUTs                  ; 0 / 91,200 ( 0 % )                            ;
;     Dedicated logic registers     ; 1,613 / 182,400 ( < 1 % )                     ;
; Total registers                   ; 1627                                          ;
; Total pins                        ; 40 / 888 ( 5 % )                              ;
; Total virtual pins                ; 0                                             ;
; Total block memory bits           ; 139,264 / 14,625,792 ( < 1 % )                ;
; DSP block 18-bit elements         ; 0 / 1,288 ( 0 % )                             ;
; Total GXB Receiver Channel PCS    ; 0 / 24 ( 0 % )                                ;
; Total GXB Receiver Channel PMA    ; 0 / 36 ( 0 % )                                ;
; Total GXB Transmitter Channel PCS ; 0 / 24 ( 0 % )                                ;
; Total GXB Transmitter Channel PMA ; 0 / 36 ( 0 % )                                ;
; Total PLLs                        ; 1 / 8 ( 13 % )                                ;
; Total DLLs                        ; 0 / 4 ( 0 % )                                 ;
+-----------------------------------+-----------------------------------------------+


+-----------------------------------------+
; Flow Settings                           ;
+-------------------+---------------------+
; Option            ; Setting             ;
+-------------------+---------------------+
; Start date & time ; 03/03/2011 17:33:57 ;
; Main task         ; Compilation         ;
; Revision Name     ; DE3_dsp_design_top  ;
+-------------------+---------------------+


+-------------------------------------------------------------------------------------------------------------------------------------------------------------------------------------------------------------------------------------------------------------------------------------------------------------------------------------------+
; Flow Non-Default Global Settings                                                                                                                                                                                                                                                                                                          ;
+-------------------------------+----------------------------------------------------------------------------------------------------------------------------------------------------------------------------------------------------------------------------------------------------------+---------------+-------------+------------------+
; Assignment Name               ; Value                                                                                                                                                                                                                                                    ; Default Value ; Entity Name ; Section Id       ;
+-------------------------------+----------------------------------------------------------------------------------------------------------------------------------------------------------------------------------------------------------------------------------------------------------+---------------+-------------+------------------+
; COMPILER_SIGNATURE_ID         ; 156974615306.129919163704376                                                                                                                                                                                                                             ; --            ; --          ; --               ;
; ENABLE_SIGNALTAP              ; On                                                                                                                                                                                                                                                       ; --            ; --          ; --               ;
; MISC_FILE                     ; D:/Edgar/Documents/OCT/Code/DE4_ADC_Test01/DE4_ADC_Test01.dpf                                                                                                                                                                                            ; --            ; --          ; --               ;
; MISC_FILE                     ; C:/Terasic/Data Conversion HSMC/Examples/DE3_S3se260_dsp_example_ChA/DE3_dsp_design_top.dpf                                                                                                                                                              ; --            ; --          ; --               ;
; PARTITION_COLOR               ; 16764057                                                                                                                                                                                                                                                 ; --            ; --          ; Top              ;
; PARTITION_NETLIST_TYPE        ; SOURCE                                                                                                                                                                                                                                                   ; --            ; --          ; Top              ;
; SLD_NODE_CREATOR_ID           ; 110                                                                                                                                                                                                                                                      ; --            ; --          ; auto_signaltap_0 ;
; SLD_NODE_ENTITY_NAME          ; sld_signaltap                                                                                                                                                                                                                                            ; --            ; --          ; auto_signaltap_0 ;
; SLD_NODE_PARAMETER_ASSIGNMENT ; SLD_DATA_BITS=68                                                                                                                                                                                                                                         ; --            ; --          ; auto_signaltap_0 ;
; SLD_NODE_PARAMETER_ASSIGNMENT ; SLD_TRIGGER_BITS=68                                                                                                                                                                                                                                      ; --            ; --          ; auto_signaltap_0 ;
; SLD_NODE_PARAMETER_ASSIGNMENT ; SLD_NODE_INFO=805334528                                                                                                                                                                                                                                  ; --            ; --          ; auto_signaltap_0 ;
; SLD_NODE_PARAMETER_ASSIGNMENT ; SLD_POWER_UP_TRIGGER=0                                                                                                                                                                                                                                   ; --            ; --          ; auto_signaltap_0 ;
; SLD_NODE_PARAMETER_ASSIGNMENT ; SLD_STATE_FLOW_USE_GENERATED=0                                                                                                                                                                                                                           ; --            ; --          ; auto_signaltap_0 ;
; SLD_NODE_PARAMETER_ASSIGNMENT ; SLD_STATE_BITS=11                                                                                                                                                                                                                                        ; --            ; --          ; auto_signaltap_0 ;
; SLD_NODE_PARAMETER_ASSIGNMENT ; SLD_BUFFER_FULL_STOP=1                                                                                                                                                                                                                                   ; --            ; --          ; auto_signaltap_0 ;
; SLD_NODE_PARAMETER_ASSIGNMENT ; SLD_CURRENT_RESOURCE_WIDTH=1                                                                                                                                                                                                                             ; --            ; --          ; auto_signaltap_0 ;
; SLD_NODE_PARAMETER_ASSIGNMENT ; SLD_TRIGGER_LEVEL=1                                                                                                                                                                                                                                      ; --            ; --          ; auto_signaltap_0 ;
; SLD_NODE_PARAMETER_ASSIGNMENT ; SLD_ADVANCED_TRIGGER_ENTITY=basic,1,                                                                                                                                                                                                                     ; --            ; --          ; auto_signaltap_0 ;
; SLD_NODE_PARAMETER_ASSIGNMENT ; SLD_TRIGGER_LEVEL_PIPELINE=1                                                                                                                                                                                                                             ; --            ; --          ; auto_signaltap_0 ;
; SLD_NODE_PARAMETER_ASSIGNMENT ; SLD_ENABLE_ADVANCED_TRIGGER=0                                                                                                                                                                                                                            ; --            ; --          ; auto_signaltap_0 ;
; SLD_NODE_PARAMETER_ASSIGNMENT ; SLD_RAM_BLOCK_TYPE=AUTO                                                                                                                                                                                                                                  ; --            ; --          ; auto_signaltap_0 ;
; SLD_NODE_PARAMETER_ASSIGNMENT ; SLD_INVERSION_MASK=0000000000000000000000000000000000000000000000000000000000000000000000000000000000000000000000000000000000000000000000000000000000000000000000000000000000000000000000000000000000000000000000000000000000000000000000000000000000000 ; --            ; --          ; auto_signaltap_0 ;
; SLD_NODE_PARAMETER_ASSIGNMENT ; SLD_INVERSION_MASK_LENGTH=229                                                                                                                                                                                                                            ; --            ; --          ; auto_signaltap_0 ;
; SLD_NODE_PARAMETER_ASSIGNMENT ; SLD_SEGMENT_SIZE=2048                                                                                                                                                                                                                                    ; --            ; --          ; auto_signaltap_0 ;
; SLD_NODE_PARAMETER_ASSIGNMENT ; SLD_NODE_CRC_LOWORD=25412                                                                                                                                                                                                                                ; --            ; --          ; auto_signaltap_0 ;
; SLD_NODE_PARAMETER_ASSIGNMENT ; SLD_NODE_CRC_HIWORD=4469                                                                                                                                                                                                                                 ; --            ; --          ; auto_signaltap_0 ;
; SLD_NODE_PARAMETER_ASSIGNMENT ; SLD_SAMPLE_DEPTH=2048                                                                                                                                                                                                                                    ; --            ; --          ; auto_signaltap_0 ;
; SLD_NODE_PARAMETER_ASSIGNMENT ; SLD_TRIGGER_IN_ENABLED=1                                                                                                                                                                                                                                 ; --            ; --          ; auto_signaltap_0 ;
; SLD_NODE_PARAMETER_ASSIGNMENT ; SLD_STORAGE_QUALIFIER_INVERSION_MASK_LENGTH=0                                                                                                                                                                                                            ; --            ; --          ; auto_signaltap_0 ;
; SLD_NODE_PARAMETER_ASSIGNMENT ; SLD_ATTRIBUTE_MEM_MODE=OFF                                                                                                                                                                                                                               ; --            ; --          ; auto_signaltap_0 ;
; USE_SIGNALTAP_FILE            ; sines.stp                                                                                                                                                                                                                                                ; --            ; --          ; --               ;
+-------------------------------+----------------------------------------------------------------------------------------------------------------------------------------------------------------------------------------------------------------------------------------------------------+---------------+-------------+------------------+


+-------------------------------------------------------------------------------------------------------------------------------+
; Flow Elapsed Time                                                                                                             ;
+---------------------------+--------------+-------------------------+---------------------+------------------------------------+
; Module Name               ; Elapsed Time ; Average Processors Used ; Peak Virtual Memory ; Total CPU Time (on all processors) ;
+---------------------------+--------------+-------------------------+---------------------+------------------------------------+
; Analysis & Synthesis      ; 00:00:16     ; 1.0                     ; 433 MB              ; 00:00:15                           ;
; Fitter                    ; 00:01:07     ; 2.1                     ; 806 MB              ; 00:01:14                           ;
; Assembler                 ; 00:00:27     ; 1.0                     ; 809 MB              ; 00:00:25                           ;
; TimeQuest Timing Analyzer ; 00:00:09     ; 1.0                     ; 540 MB              ; 00:00:09                           ;
; Total                     ; 00:01:50     ; --                      ; --                  ; 00:01:54                           ;
+---------------------------+--------------+-------------------------+---------------------+------------------------------------+


+--------------------------------------------------------------------------------------------+
; Flow OS Summary                                                                            ;
+---------------------------+------------------+---------------+------------+----------------+
; Module Name               ; Machine Hostname ; OS Name       ; OS Version ; Processor type ;
+---------------------------+------------------+---------------+------------+----------------+
; Analysis & Synthesis      ; user2-ciara      ; Windows Vista ; 6.1        ; x86_64         ;
; Fitter                    ; user2-ciara      ; Windows Vista ; 6.1        ; x86_64         ;
; TimeQuest Timing Analyzer ; user2-ciara      ; Windows Vista ; 6.1        ; x86_64         ;
; Assembler                 ; user2-ciara      ; Windows Vista ; 6.1        ; x86_64         ;
+---------------------------+------------------+---------------+------------+----------------+


------------
; Flow Log ;
------------
quartus_map --read_settings_files=on --write_settings_files=off DE3_dsp_design_top -c DE3_dsp_design_top
quartus_fit --read_settings_files=off --write_settings_files=off DE3_dsp_design_top -c DE3_dsp_design_top
quartus_sta DE3_dsp_design_top -c DE3_dsp_design_top
quartus_asm --read_settings_files=off --write_settings_files=off DE3_dsp_design_top -c DE3_dsp_design_top



